E, [2019-01-13T06:03:41.621981 #23285] ERROR -- Kitchen: ------Exception-------
E, [2019-01-13T06:03:41.622061 #23285] ERROR -- Kitchen: Class: Kitchen::UserError
E, [2019-01-13T06:03:41.622079 #23285] ERROR -- Kitchen: Message: Kitchen YAML file /home/cloud_user/chef-repo/cookbooks/.kitchen.yml does not exist.
E, [2019-01-13T06:03:41.622092 #23285] ERROR -- Kitchen: ----------------------
E, [2019-01-13T06:03:41.622102 #23285] ERROR -- Kitchen: ------Backtrace-------
E, [2019-01-13T06:03:41.622112 #23285] ERROR -- Kitchen: /opt/chefdk/embedded/lib/ruby/gems/2.5.0/gems/test-kitchen-1.24.0/lib/kitchen/loader/yaml.rb:65:in `read'
E, [2019-01-13T06:03:41.622122 #23285] ERROR -- Kitchen: /opt/chefdk/embedded/lib/ruby/gems/2.5.0/gems/test-kitchen-1.24.0/lib/kitchen/config.rb:152:in `data'
E, [2019-01-13T06:03:41.622132 #23285] ERROR -- Kitchen: /opt/chefdk/embedded/lib/ruby/gems/2.5.0/gems/test-kitchen-1.24.0/lib/kitchen/config.rb:131:in `suites'
E, [2019-01-13T06:03:41.622142 #23285] ERROR -- Kitchen: /opt/chefdk/embedded/lib/ruby/gems/2.5.0/gems/test-kitchen-1.24.0/lib/kitchen/config.rb:182:in `filter_instances'
E, [2019-01-13T06:03:41.622152 #23285] ERROR -- Kitchen: /opt/chefdk/embedded/lib/ruby/gems/2.5.0/gems/test-kitchen-1.24.0/lib/kitchen/config.rb:141:in `build_instances'
E, [2019-01-13T06:03:41.622162 #23285] ERROR -- Kitchen: /opt/chefdk/embedded/lib/ruby/gems/2.5.0/gems/test-kitchen-1.24.0/lib/kitchen/config.rb:117:in `instances'
E, [2019-01-13T06:03:41.622171 #23285] ERROR -- Kitchen: /opt/chefdk/embedded/lib/ruby/gems/2.5.0/gems/test-kitchen-1.24.0/lib/kitchen/command.rb:112:in `filtered_instances'
E, [2019-01-13T06:03:41.622181 #23285] ERROR -- Kitchen: /opt/chefdk/embedded/lib/ruby/gems/2.5.0/gems/test-kitchen-1.24.0/lib/kitchen/command.rb:142:in `parse_subcommand'
E, [2019-01-13T06:03:41.622190 #23285] ERROR -- Kitchen: /opt/chefdk/embedded/lib/ruby/gems/2.5.0/gems/test-kitchen-1.24.0/lib/kitchen/command/list.rb:30:in `call'
E, [2019-01-13T06:03:41.622200 #23285] ERROR -- Kitchen: /opt/chefdk/embedded/lib/ruby/gems/2.5.0/gems/test-kitchen-1.24.0/lib/kitchen/cli.rb:52:in `perform'
E, [2019-01-13T06:03:41.622209 #23285] ERROR -- Kitchen: /opt/chefdk/embedded/lib/ruby/gems/2.5.0/gems/test-kitchen-1.24.0/lib/kitchen/cli.rb:120:in `list'
E, [2019-01-13T06:03:41.622219 #23285] ERROR -- Kitchen: /opt/chefdk/embedded/lib/ruby/gems/2.5.0/gems/thor-0.20.3/lib/thor/command.rb:27:in `run'
E, [2019-01-13T06:03:41.622230 #23285] ERROR -- Kitchen: /opt/chefdk/embedded/lib/ruby/gems/2.5.0/gems/thor-0.20.3/lib/thor/invocation.rb:126:in `invoke_command'
E, [2019-01-13T06:03:41.622240 #23285] ERROR -- Kitchen: /opt/chefdk/embedded/lib/ruby/gems/2.5.0/gems/thor-0.20.3/lib/thor.rb:387:in `dispatch'
E, [2019-01-13T06:03:41.622250 #23285] ERROR -- Kitchen: /opt/chefdk/embedded/lib/ruby/gems/2.5.0/gems/thor-0.20.3/lib/thor/base.rb:466:in `start'
E, [2019-01-13T06:03:41.622260 #23285] ERROR -- Kitchen: /opt/chefdk/embedded/lib/ruby/gems/2.5.0/gems/test-kitchen-1.24.0/bin/kitchen:13:in `block in <top (required)>'
E, [2019-01-13T06:03:41.622269 #23285] ERROR -- Kitchen: /opt/chefdk/embedded/lib/ruby/gems/2.5.0/gems/test-kitchen-1.24.0/lib/kitchen/errors.rb:171:in `with_friendly_errors'
E, [2019-01-13T06:03:41.622279 #23285] ERROR -- Kitchen: /opt/chefdk/embedded/lib/ruby/gems/2.5.0/gems/test-kitchen-1.24.0/bin/kitchen:13:in `<top (required)>'
E, [2019-01-13T06:03:41.622324 #23285] ERROR -- Kitchen: /usr/bin/kitchen:306:in `load'
E, [2019-01-13T06:03:41.622337 #23285] ERROR -- Kitchen: /usr/bin/kitchen:306:in `<main>'
E, [2019-01-13T06:03:41.622346 #23285] ERROR -- Kitchen: ----End Backtrace-----
