E, [2019-01-05T16:22:04.417672 #2776] ERROR -- Kitchen: ------Exception-------
E, [2019-01-05T16:22:04.418299 #2776] ERROR -- Kitchen: Class: Kitchen::ShellOut::ShellCommandFailed
E, [2019-01-05T16:22:04.418519 #2776] ERROR -- Kitchen: Message: Expected process to exit with [0], but received '1'
---- Begin output of vagrant --version ----
STDOUT: 
STDERR: 'vagrant' is not recognized as an internal or external command,
operable program or batch file.
---- End output of vagrant --version ----
Ran vagrant --version returned 1
E, [2019-01-05T16:22:04.418735 #2776] ERROR -- Kitchen: ----------------------
E, [2019-01-05T16:22:04.418934 #2776] ERROR -- Kitchen: ------Backtrace-------
E, [2019-01-05T16:22:04.419155 #2776] ERROR -- Kitchen: C:/opscode/chefdk/embedded/lib/ruby/gems/2.5.0/gems/test-kitchen-1.23.2/lib/kitchen/shell_out.rb:71:in `rescue in run_command'
E, [2019-01-05T16:22:04.419355 #2776] ERROR -- Kitchen: C:/opscode/chefdk/embedded/lib/ruby/gems/2.5.0/gems/test-kitchen-1.23.2/lib/kitchen/shell_out.rb:58:in `run_command'
E, [2019-01-05T16:22:04.419561 #2776] ERROR -- Kitchen: C:/opscode/chefdk/embedded/lib/ruby/gems/2.5.0/gems/kitchen-vagrant-1.3.6/lib/kitchen/driver/vagrant.rb:452:in `run_command'
E, [2019-01-05T16:22:04.419771 #2776] ERROR -- Kitchen: C:/opscode/chefdk/embedded/lib/ruby/gems/2.5.0/gems/kitchen-vagrant-1.3.6/lib/kitchen/driver/vagrant.rb:399:in `run'
E, [2019-01-05T16:22:04.419968 #2776] ERROR -- Kitchen: C:/opscode/chefdk/embedded/lib/ruby/gems/2.5.0/gems/kitchen-vagrant-1.3.6/lib/kitchen/driver/vagrant.rb:473:in `run_silently'
E, [2019-01-05T16:22:04.420179 #2776] ERROR -- Kitchen: C:/opscode/chefdk/embedded/lib/ruby/gems/2.5.0/gems/kitchen-vagrant-1.3.6/lib/kitchen/driver/vagrant.rb:539:in `vagrant_version'
E, [2019-01-05T16:22:04.420375 #2776] ERROR -- Kitchen: C:/opscode/chefdk/embedded/lib/ruby/gems/2.5.0/gems/kitchen-vagrant-1.3.6/lib/kitchen/driver/vagrant.rb:187:in `verify_dependencies'
E, [2019-01-05T16:22:04.420572 #2776] ERROR -- Kitchen: C:/opscode/chefdk/embedded/lib/ruby/gems/2.5.0/gems/test-kitchen-1.23.2/lib/kitchen/driver.rb:43:in `for_plugin'
E, [2019-01-05T16:22:04.420781 #2776] ERROR -- Kitchen: C:/opscode/chefdk/embedded/lib/ruby/gems/2.5.0/gems/test-kitchen-1.23.2/lib/kitchen/config.rb:234:in `new_driver'
E, [2019-01-05T16:22:04.420978 #2776] ERROR -- Kitchen: C:/opscode/chefdk/embedded/lib/ruby/gems/2.5.0/gems/test-kitchen-1.23.2/lib/kitchen/config.rb:247:in `new_instance'
E, [2019-01-05T16:22:04.421314 #2776] ERROR -- Kitchen: C:/opscode/chefdk/embedded/lib/ruby/gems/2.5.0/gems/test-kitchen-1.23.2/lib/kitchen/config.rb:142:in `block in build_instances'
E, [2019-01-05T16:22:04.421524 #2776] ERROR -- Kitchen: C:/opscode/chefdk/embedded/lib/ruby/gems/2.5.0/gems/test-kitchen-1.23.2/lib/kitchen/config.rb:141:in `map'
E, [2019-01-05T16:22:04.423850 #2776] ERROR -- Kitchen: C:/opscode/chefdk/embedded/lib/ruby/gems/2.5.0/gems/test-kitchen-1.23.2/lib/kitchen/config.rb:141:in `with_index'
E, [2019-01-05T16:22:04.424069 #2776] ERROR -- Kitchen: C:/opscode/chefdk/embedded/lib/ruby/gems/2.5.0/gems/test-kitchen-1.23.2/lib/kitchen/config.rb:141:in `build_instances'
E, [2019-01-05T16:22:04.424357 #2776] ERROR -- Kitchen: C:/opscode/chefdk/embedded/lib/ruby/gems/2.5.0/gems/test-kitchen-1.23.2/lib/kitchen/config.rb:117:in `instances'
E, [2019-01-05T16:22:04.424479 #2776] ERROR -- Kitchen: C:/opscode/chefdk/embedded/lib/ruby/gems/2.5.0/gems/test-kitchen-1.23.2/lib/kitchen/command.rb:112:in `filtered_instances'
E, [2019-01-05T16:22:04.424599 #2776] ERROR -- Kitchen: C:/opscode/chefdk/embedded/lib/ruby/gems/2.5.0/gems/test-kitchen-1.23.2/lib/kitchen/command.rb:142:in `parse_subcommand'
E, [2019-01-05T16:22:04.424741 #2776] ERROR -- Kitchen: C:/opscode/chefdk/embedded/lib/ruby/gems/2.5.0/gems/test-kitchen-1.23.2/lib/kitchen/command/list.rb:30:in `call'
E, [2019-01-05T16:22:04.424857 #2776] ERROR -- Kitchen: C:/opscode/chefdk/embedded/lib/ruby/gems/2.5.0/gems/test-kitchen-1.23.2/lib/kitchen/cli.rb:52:in `perform'
E, [2019-01-05T16:22:04.424972 #2776] ERROR -- Kitchen: C:/opscode/chefdk/embedded/lib/ruby/gems/2.5.0/gems/test-kitchen-1.23.2/lib/kitchen/cli.rb:120:in `list'
E, [2019-01-05T16:22:04.425206 #2776] ERROR -- Kitchen: C:/opscode/chefdk/embedded/lib/ruby/gems/2.5.0/gems/thor-0.20.3/lib/thor/command.rb:27:in `run'
E, [2019-01-05T16:22:04.425332 #2776] ERROR -- Kitchen: C:/opscode/chefdk/embedded/lib/ruby/gems/2.5.0/gems/thor-0.20.3/lib/thor/invocation.rb:126:in `invoke_command'
E, [2019-01-05T16:22:04.425447 #2776] ERROR -- Kitchen: C:/opscode/chefdk/embedded/lib/ruby/gems/2.5.0/gems/thor-0.20.3/lib/thor.rb:387:in `dispatch'
E, [2019-01-05T16:22:04.425561 #2776] ERROR -- Kitchen: C:/opscode/chefdk/embedded/lib/ruby/gems/2.5.0/gems/thor-0.20.3/lib/thor/base.rb:466:in `start'
E, [2019-01-05T16:22:04.425701 #2776] ERROR -- Kitchen: C:/opscode/chefdk/embedded/lib/ruby/gems/2.5.0/gems/test-kitchen-1.23.2/bin/kitchen:13:in `block in <top (required)>'
E, [2019-01-05T16:22:04.425817 #2776] ERROR -- Kitchen: C:/opscode/chefdk/embedded/lib/ruby/gems/2.5.0/gems/test-kitchen-1.23.2/lib/kitchen/errors.rb:171:in `with_friendly_errors'
E, [2019-01-05T16:22:04.425931 #2776] ERROR -- Kitchen: C:/opscode/chefdk/embedded/lib/ruby/gems/2.5.0/gems/test-kitchen-1.23.2/bin/kitchen:13:in `<top (required)>'
E, [2019-01-05T16:22:04.426044 #2776] ERROR -- Kitchen: C:/opscode/chefdk/bin/kitchen:312:in `load'
E, [2019-01-05T16:22:04.426178 #2776] ERROR -- Kitchen: C:/opscode/chefdk/bin/kitchen:312:in `<main>'
E, [2019-01-05T16:22:04.426297 #2776] ERROR -- Kitchen: ----End Backtrace-----
E, [2019-01-05T16:22:04.426410 #2776] ERROR -- Kitchen: ---Nested Exception---
E, [2019-01-05T16:22:04.426522 #2776] ERROR -- Kitchen: Class: Mixlib::ShellOut::ShellCommandFailed
E, [2019-01-05T16:22:04.426634 #2776] ERROR -- Kitchen: Message: Expected process to exit with [0], but received '1'
---- Begin output of vagrant --version ----
STDOUT: 
STDERR: 'vagrant' is not recognized as an internal or external command,
operable program or batch file.
---- End output of vagrant --version ----
Ran vagrant --version returned 1
E, [2019-01-05T16:22:04.426781 #2776] ERROR -- Kitchen: ----------------------
E, [2019-01-05T16:22:04.426895 #2776] ERROR -- Kitchen: ------Backtrace-------
E, [2019-01-05T16:22:04.427008 #2776] ERROR -- Kitchen: C:/opscode/chefdk/embedded/lib/ruby/gems/2.5.0/gems/test-kitchen-1.23.2/lib/kitchen/shell_out.rb:71:in `rescue in run_command'
E, [2019-01-05T16:22:04.427121 #2776] ERROR -- Kitchen: C:/opscode/chefdk/embedded/lib/ruby/gems/2.5.0/gems/test-kitchen-1.23.2/lib/kitchen/shell_out.rb:58:in `run_command'
E, [2019-01-05T16:22:04.427259 #2776] ERROR -- Kitchen: C:/opscode/chefdk/embedded/lib/ruby/gems/2.5.0/gems/kitchen-vagrant-1.3.6/lib/kitchen/driver/vagrant.rb:452:in `run_command'
E, [2019-01-05T16:22:04.427374 #2776] ERROR -- Kitchen: C:/opscode/chefdk/embedded/lib/ruby/gems/2.5.0/gems/kitchen-vagrant-1.3.6/lib/kitchen/driver/vagrant.rb:399:in `run'
E, [2019-01-05T16:22:04.427488 #2776] ERROR -- Kitchen: C:/opscode/chefdk/embedded/lib/ruby/gems/2.5.0/gems/kitchen-vagrant-1.3.6/lib/kitchen/driver/vagrant.rb:473:in `run_silently'
E, [2019-01-05T16:22:04.427601 #2776] ERROR -- Kitchen: C:/opscode/chefdk/embedded/lib/ruby/gems/2.5.0/gems/kitchen-vagrant-1.3.6/lib/kitchen/driver/vagrant.rb:539:in `vagrant_version'
E, [2019-01-05T16:22:04.427739 #2776] ERROR -- Kitchen: C:/opscode/chefdk/embedded/lib/ruby/gems/2.5.0/gems/kitchen-vagrant-1.3.6/lib/kitchen/driver/vagrant.rb:187:in `verify_dependencies'
E, [2019-01-05T16:22:04.427854 #2776] ERROR -- Kitchen: C:/opscode/chefdk/embedded/lib/ruby/gems/2.5.0/gems/test-kitchen-1.23.2/lib/kitchen/driver.rb:43:in `for_plugin'
E, [2019-01-05T16:22:04.427967 #2776] ERROR -- Kitchen: C:/opscode/chefdk/embedded/lib/ruby/gems/2.5.0/gems/test-kitchen-1.23.2/lib/kitchen/config.rb:234:in `new_driver'
E, [2019-01-05T16:22:04.428119 #2776] ERROR -- Kitchen: C:/opscode/chefdk/embedded/lib/ruby/gems/2.5.0/gems/test-kitchen-1.23.2/lib/kitchen/config.rb:247:in `new_instance'
E, [2019-01-05T16:22:04.428255 #2776] ERROR -- Kitchen: C:/opscode/chefdk/embedded/lib/ruby/gems/2.5.0/gems/test-kitchen-1.23.2/lib/kitchen/config.rb:142:in `block in build_instances'
E, [2019-01-05T16:22:04.428375 #2776] ERROR -- Kitchen: C:/opscode/chefdk/embedded/lib/ruby/gems/2.5.0/gems/test-kitchen-1.23.2/lib/kitchen/config.rb:141:in `map'
E, [2019-01-05T16:22:04.428493 #2776] ERROR -- Kitchen: C:/opscode/chefdk/embedded/lib/ruby/gems/2.5.0/gems/test-kitchen-1.23.2/lib/kitchen/config.rb:141:in `with_index'
E, [2019-01-05T16:22:04.428606 #2776] ERROR -- Kitchen: C:/opscode/chefdk/embedded/lib/ruby/gems/2.5.0/gems/test-kitchen-1.23.2/lib/kitchen/config.rb:141:in `build_instances'
E, [2019-01-05T16:22:04.428743 #2776] ERROR -- Kitchen: C:/opscode/chefdk/embedded/lib/ruby/gems/2.5.0/gems/test-kitchen-1.23.2/lib/kitchen/config.rb:117:in `instances'
E, [2019-01-05T16:22:04.428858 #2776] ERROR -- Kitchen: C:/opscode/chefdk/embedded/lib/ruby/gems/2.5.0/gems/test-kitchen-1.23.2/lib/kitchen/command.rb:112:in `filtered_instances'
E, [2019-01-05T16:22:04.428971 #2776] ERROR -- Kitchen: C:/opscode/chefdk/embedded/lib/ruby/gems/2.5.0/gems/test-kitchen-1.23.2/lib/kitchen/command.rb:142:in `parse_subcommand'
E, [2019-01-05T16:22:04.429083 #2776] ERROR -- Kitchen: C:/opscode/chefdk/embedded/lib/ruby/gems/2.5.0/gems/test-kitchen-1.23.2/lib/kitchen/command/list.rb:30:in `call'
E, [2019-01-05T16:22:04.429221 #2776] ERROR -- Kitchen: C:/opscode/chefdk/embedded/lib/ruby/gems/2.5.0/gems/test-kitchen-1.23.2/lib/kitchen/cli.rb:52:in `perform'
E, [2019-01-05T16:22:04.429336 #2776] ERROR -- Kitchen: C:/opscode/chefdk/embedded/lib/ruby/gems/2.5.0/gems/test-kitchen-1.23.2/lib/kitchen/cli.rb:120:in `list'
E, [2019-01-05T16:22:04.429448 #2776] ERROR -- Kitchen: C:/opscode/chefdk/embedded/lib/ruby/gems/2.5.0/gems/thor-0.20.3/lib/thor/command.rb:27:in `run'
E, [2019-01-05T16:22:04.429560 #2776] ERROR -- Kitchen: C:/opscode/chefdk/embedded/lib/ruby/gems/2.5.0/gems/thor-0.20.3/lib/thor/invocation.rb:126:in `invoke_command'
E, [2019-01-05T16:22:04.429720 #2776] ERROR -- Kitchen: C:/opscode/chefdk/embedded/lib/ruby/gems/2.5.0/gems/thor-0.20.3/lib/thor.rb:387:in `dispatch'
E, [2019-01-05T16:22:04.429838 #2776] ERROR -- Kitchen: C:/opscode/chefdk/embedded/lib/ruby/gems/2.5.0/gems/thor-0.20.3/lib/thor/base.rb:466:in `start'
E, [2019-01-05T16:22:04.429951 #2776] ERROR -- Kitchen: C:/opscode/chefdk/embedded/lib/ruby/gems/2.5.0/gems/test-kitchen-1.23.2/bin/kitchen:13:in `block in <top (required)>'
E, [2019-01-05T16:22:04.430065 #2776] ERROR -- Kitchen: C:/opscode/chefdk/embedded/lib/ruby/gems/2.5.0/gems/test-kitchen-1.23.2/lib/kitchen/errors.rb:171:in `with_friendly_errors'
E, [2019-01-05T16:22:04.430202 #2776] ERROR -- Kitchen: C:/opscode/chefdk/embedded/lib/ruby/gems/2.5.0/gems/test-kitchen-1.23.2/bin/kitchen:13:in `<top (required)>'
E, [2019-01-05T16:22:04.430317 #2776] ERROR -- Kitchen: C:/opscode/chefdk/bin/kitchen:312:in `load'
E, [2019-01-05T16:22:04.430430 #2776] ERROR -- Kitchen: C:/opscode/chefdk/bin/kitchen:312:in `<main>'
E, [2019-01-05T16:22:04.430542 #2776] ERROR -- Kitchen: ----End Backtrace-----
